<testsuite name="Mocha Tests" tests="453" failures="0" errors="2" skipped="-1" timestamp="Wed, 21 Oct 2020 09:14:10 GMT" time="196.921">
<testcase classname="vl-accordion" name="als gebruiker kan ik een standaard accordion openen en sluiten" time="0.229"/>
<testcase classname="vl-accordion" name="als gebruiker kan ik een dynamische accordion openen en sluiten" time="0.197"/>
<testcase classname="vl-accordion" name="als gebruiker kan ik een accordion via Javascript openen en sluiten" time="0.258"/>
<testcase classname="vl-accordion" name="als gebruiker kan ik aan de tekst zien wanneer een dynamische accordion open of gesloten is" time="0.187"/>
<testcase classname="vl-accordion" name="als gebruiker kan ik de inhoud van een accordion bekijken" time="0.061"/>
<testcase classname="vl-action-group" name="als gebruiker kan ik het verschil zien tussen een left, center en right aligned action group" time="0.12"/>
<testcase classname="vl-action-group" name="als gebruiker kan ik het verschil zien tussen een standaard en een action group space-between variant" time="0.048"/>
<testcase classname="vl-action-group" name="als gebruiker kan ik het verschil zien tussen een standaard en een action group bordered variant" time="0.04"/>
<testcase classname="vl-alert" name="Als gebruiker kan ik de titel van een alert zien" time="0.047"/>
<testcase classname="vl-alert" name="Als gebruiker kan ik de tekst van een alert zien" time="0.038"/>
<testcase classname="vl-alert" name="Als gebruiker kan ik zien dat het icon wordt gerenderd" time="0.044"/>
<testcase classname="vl-alert" name="Als gebruiker kan ik het verschil zien tussen een closable en gewone alert" time="0.032"/>
<testcase classname="vl-alert" name="Als gebruiker kan ik een alert niet meer zien nadat die gesloten is" time="0.105"/>
<testcase classname="vl-alert" name="Als gebruiker kan ik de actie button van een alert zien" time="0.055"/>
<testcase classname="vl-alert" name="Als gebruiker kan ik zien dat een alert met small size, klein is" time="0.052"/>
<testcase classname="vl-alert" name="Als gebruiker kan ik een error alert herkennen aan de kleur" time="0.049"/>
<testcase classname="vl-alert" name="Als gebruiker kan ik een warning alert herkennen aan de kleur" time="0.048"/>
<testcase classname="vl-alert" name="Als gebruiker kan ik een success alert herkennen aan de kleur" time="0.045"/>
<testcase classname="vl-alert" name="Als gebruiker kan ik een info alert herkennen aan de kleur" time="0.051"/>
<testcase classname="vl-body" name="als gebruiker kan ik de inhoud van een body element zien" time="0.037"/>
<testcase classname="vl-breadcrumb" name="Als gebruiker kan ik een breadcrumb met items zien" time="0.149"/>
<testcase classname="vl-button" name="als gebruiker wil ik dat mijn klik geregistreerd wordt wanneer ik op een knop klik" time="0.077"/>
<testcase classname="vl-button" name="als gebruiker wil ik niet dat mijn klik geregistreerd wordt wanneer ik op een disabled knop klik" time="0.077"/>
<testcase classname="vl-button" name="als gebruiker wil ik het verschil kunnen zien tussen een error en een gewone knop" time="0.051"/>
<testcase classname="vl-button" name="als gebruiker wil ik het verschil kunnen zien tussen een knop met en zonder icoon" time="0.057"/>
<testcase classname="vl-button" name="als gebruiker wil ik een icoon voor en na de tekst in de knop kunnen zien" time="0.1"/>
<testcase classname="vl-button" name="als gebruiker wil ik het verschil kunnen zien tussen een block en een gewone knop" time="0.04"/>
<testcase classname="vl-button" name="als gebruiker wil ik het verschil kunnen zien tussen een large en een gewone knop" time="0.048"/>
<testcase classname="vl-button" name="als gebruiker wil ik het verschil kunnen zien tussen een wide en een gewone knop" time="0.042"/>
<testcase classname="vl-button" name="als gebruiker wil ik het verschil kunnen zien tussen een narrow en een gewone knop" time="0.038"/>
<testcase classname="vl-button" name="als gebruiker wil ik het verschil kunnen zien tussen een loading en een gewone knop" time="0.037"/>
<testcase classname="vl-button" name="als gebruiker wil ik het verschil kunnen zien tussen een secondary en een gewone knop" time="0.037"/>
<testcase classname="vl-button" name="als gebruiker wil ik het verschil kunnen zien tussen een tertiary en een gewone knop" time="0.037"/>
<testcase classname="vl-button" name="als gebruiker wil ik een knop kunnen zien met alleen maar een icoon" time="0.049"/>
<testcase classname="vl-button" name="als gebruiker zie ik een link button" time="0.025"/>
<testcase classname="vl-checkbox" name="als gebruiker kan ik een standaard checkbox aan- en uitvinken" time="0.18"/>
<testcase classname="vl-checkbox" name="als gebruiker zie ik een label bij de checkbox" time="0.043"/>
<testcase classname="vl-checkbox" name="als gebruiker kan ik het verschil zien tussen een block en een gewone checkbox" time="0.041"/>
<testcase classname="vl-checkbox" name="als gebruiker kan ik het verschil zien tussen een error en een gewone checkbox" time="0.04"/>
<testcase classname="vl-checkbox" name="als gebruiker kan ik een disabled checkbox niet aan- of uitvinken" time="0.167"/>
<testcase classname="vl-checkbox" name="als gebruiker kan ik het verschil zien tussen een single en een gewone checkbox" time="0.052"/>
<testcase classname="vl-checkbox" name="als gebruiker kan ik een switch checkbox aan- en uitvinken" time="0.099"/>
<testcase classname="vl-checkbox" name="als gebruiker kan ik multi checkboxes aan- en uitvinken" time="0.348"/>
<testcase classname="vl-checkbox" name="als gebruiker zie ik dat multiple checkboxes correct ge&#xEF;nitialiseerd zijn" time="0.094"/>
<testcase classname="vl-checkbox" name="als gebruiker zie ik een label bij een checkbox die gebruik maakt van een slot element" time="0.039"/>
<testcase classname="vl-code-preview" name="als gebruiker kan ik de code preview bekijken" time="0.059"/>
<testcase classname="vl-content-header" name="als gebruiker kan ik een context-link zien in de content header" time="0.053"/>
<testcase classname="vl-content-header" name="als gebruiker kan ik de title-link zien in de content header" time="0.046"/>
<testcase classname="vl-content-header" name="als gebruiker kan ik de afbeelding zien in de content header" time="0.026"/>
<testcase classname="vl-cookie-consent-opt-in" name="als gebruiker krijg ik een label en beschrijving te zien" time="0.087"/>
<testcase classname="vl-cookie-consent-opt-in" name="als gebruiker kan ik een opt-in aanvinken" time="0.168"/>
<testcase classname="vl-cookie-consent-opt-in" name="als gebruiker kan ik een aangevinkte opt-in, uitvinken" time="0.155"/>
<testcase classname="vl-cookie-consent-opt-in" name="als gebruiker kan ik een verplichte opt-in niet uitvinken" time="0.176"/>
<testcase classname="vl-cookie-consent" name="als gebruiker kan ik de auto-open-disabled modal bevestigen en worden de juiste cookies gezet" time="0.239"/>
<testcase classname="vl-cookie-consent" name="als gebruiker kan ik nogmaals toestemming geven en wordt de consent-date geupdate" time="0.224"/>
<testcase classname="vl-cookie-consent" name="als gebruiker kan ik een cookie-consent zonder functionele opt-in aanvaarden en wordt er enkel een consent en geen functional cookie gezet" time="0.188"/>
<testcase classname="vl-cookie-consent" name="als gebruiker kan ik een cookie-consent met sociale media opt-in aanvaarden en zal er voor sociale media een cookie gezet worden" time="0.439"/>
<testcase classname="vl-cookie-consent" name="als gebruiker kan ik een cookie consent met een default aangevinkte opt-in aanvaarden, en zal deze opt-in als cookie bewaard worden" time="0.278"/>
<testcase classname="vl-cookie-consent" name="als gebruiker kan ik een cookie consent met een verplichte opt-in aanvaarden, en zal deze opt-in als cookie bewaard worden" time="0.151"/>
<testcase classname="vl-cookie-consent" name="als gebruiker kan ik dynamisch een sociale media opt-in toevoegen" time="0.559"/>
<testcase classname="vl-cookie-consent" name="als gebruiker kan ik een opt-in intrekken en zullen de debestreffende cookies geupdate worden" time="0.771"/>
<testcase classname="vl-cookie-consent" name="als gebruiker kan ik de gepersonaliseerde eigenaar en link zien" time="0.139"/>
<testcase classname="vl-core" name="Een element wordt pas visible als het defined wordt" time="1.919"/>
<testcase classname="vl-data-table" name="Als gebruiker kan ik de caption van een datatable zien" time="0.052"/>
<testcase classname="vl-data-table" name="Als gebruiker kan ik de headers van een datatable zien" time="0.159"/>
<testcase classname="vl-data-table" name="De gebruiker kan de columns van een table zien" time="0.244"/>
<testcase classname="vl-data-table" name="Als gebruiker zie ik het onderscheid tussen een data-table met hover en zonder" time="0.052"/>
<testcase classname="vl-data-table" name="Als gebruiker zie ik het onderscheid tussen een data-table met matrix stijl en zonder" time="0.041"/>
<testcase classname="vl-data-table" name="Als gebruiker zie ik het onderscheid tussen een data-table met lined stijl en zonder" time="0.039"/>
<testcase classname="vl-data-table" name="Als gebruiker zie ik het onderscheid tussen een data-table met zebra stijl en zonder" time="0.045"/>
<testcase classname="vl-data-table" name="Als gebruiker van een datatable zie ik waar er cellen uitgespreid zijn over meerdere rijen of kolommen" time="0.128"/>
<testcase classname="vl-data-table" name="Als gebruiker zie ik het onderscheid tussen een collapsed-medium data-table en een zonder" time="0.047"/>
<testcase classname="vl-data-table" name="Als gebruiker zie ik het onderscheid tussen een collapsed-small data-table en een zonder" time="0.04"/>
<testcase classname="vl-data-table" name="Als gebruiker zie ik het onderscheid tussen een collapsed-extra-small data-table en een zonder" time="0.037"/>
<testcase classname="vl-datepicker" name="als ik alleen een dag selecteer, word automatisch de huidige maand en het huidige jaar gekozen" time="0.547"/>
<testcase classname="vl-datepicker" name="als gebruiker kan ik de volgende of vorige maand selecteren" time="0.556"/>
<testcase classname="vl-datepicker" name="als gebruiker kan ik het volgende jaar selecteren" time="0.693"/>
<testcase classname="vl-datepicker" name="als gebruiker kan ik een een datum selecteren en het resultaat in een ander formaat zien" time="0.554"/>
<testcase classname="vl-datepicker" name="als gebruiker kan ik een op voorhand ingevulde datum zien" time="0.054"/>
<testcase classname="vl-datepicker" name="als gebruiker kan ik alleen een toegelaten datum kiezen, wanneer ik een foutieve datum kies blijft de datepicker open staan en heeft de vorige waarde" time="0.974"/>
<testcase classname="vl-datepicker" name="als gebruiker kan ik een datum range selecteren" time="0.865"/>
<testcase classname="vl-datepicker" name="als gebruiker kan ik een geselecteerde datum lezen in een ander formaat" time="0.971"/>
<testcase classname="vl-datepicker" name="als gebruiker kan ik een tijd selecteren" time="1.658"/>
<testcase classname="vl-datepicker" name="als gebruiker kan ik alleen een toegelaten tijd kiezen, wanneer ik een foutieve tijd kies zal de min of max toegelaten tijd gezet worden" time="3.303"/>
<testcase classname="vl-datepicker" name="als gebruiker kan ik AM of PM kiezen" time="1.713"/>
<testcase classname="vl-datepicker" name="als gebruiker kan ik een datum en tijd selecteren" time="2.188"/>
<testcase classname="vl-datepicker" name="als gebruiker kan ik een datum kiezen door op een voorgedefinieerde knop te klikken" time="0.481"/>
<testcase classname="vl-datepicker" name="als gebruiker kan ik zien dat er een probleem is met de gekozen datum" time="0.045"/>
<testcase classname="vl-datepicker" name="als gebruiker kan ik zien dat de gekozen datum ok is" time="0.038"/>
<testcase classname="vl-demo" name="als gebruiker kan ik de titel van de demo pagina bekijken" time="0.07"/>
<testcase classname="vl-demo" name="als gebruiker kan ik de titel van de demo bekijken" time="0.141"/>
<testcase classname="vl-demo" name="als gebruiker kan ik de code van een demo voorbeeld bekijken" time="0.116"/>
<testcase classname="vl-demo" name="als gebruiker zie ik de gegenereerde classes niet in het code voorbeeld" time="0.145"/>
<testcase classname="vl-description-data" name="de value en label van elke description data block worden correct getoond" time="0.21"/>
<testcase classname="vl-document" name="Als gebruiker kan ik het document type bekijken" time="0.044"/>
<testcase classname="vl-document" name="Als gebruiker kan ik de document titel bekijken" time="0.034"/>
<testcase classname="vl-document" name="Als gebruiker kan ik de document metadata bekijken" time="0.038"/>
<testcase classname="vl-doormat" name="als gebruiker kan ik de titel van een doormat bekijken" time="0.046"/>
<testcase classname="vl-doormat" name="als gebruiker kan ik de tekst van een doormat bekijken" time="0.03"/>
<testcase classname="vl-doormat" name="als gebruiker kan ik de afbeelding van een doormat bekijken" time="0.041"/>
<testcase classname="vl-doormat" name="als gebruiker kan ik het verschil zien tussen een alt en gewone doormat" time="0.037"/>
<testcase classname="vl-doormat" name="als gebruiker kan ik het verschil zien tussen een graphic en gewone doormat" time="0.036"/>
<testcase classname="vl-footer" name="als gebruiker zie ik de globale footer van Vlaanderen" time="1.069"/>
<testcase classname="vl-footer" name="als gebruiker zie ik de globale footer van Vlaanderen tot dat deze verwijderd wordt" time="0.463"/>
<testcase classname="vl-form-column" name="de form columns in de voorkeuren grid hebben de juiste grootte" time="0.021"/>
<testcase classname="vl-form-grid" name="de form grid met voorkeuren is stacked" time="0.019"/>
<testcase classname="vl-form-message" name="Als gebruiker kan ik een gewoon label zien" time="0.04"/>
<testcase classname="vl-form-message" name="Als gebruiker kan ik het onderscheid zien tussen een gewoon en een light label" time="0.043"/>
<testcase classname="vl-form-message" name="Als gebruiker kan ik het onderscheid zien tussen een gewoon label en een block label" time="0.04"/>
<testcase classname="vl-form-message" name="Als gebruiker kan ik een form annotation zien" time="0.029"/>
<testcase classname="vl-form-message" name="Als gebruiker kan ik een form validation message met een error zien" time="0.027"/>
<testcase classname="vl-form-message" name="Als gebruiker kan ik het onderscheid zien tussen een gewone form validation message en een success form validation message" time="0.035"/>
<testcase classname="vl-form-validation" name="Als gebruiker zie ik een foutmelding als een verplicht veld niet is ingevuld in een form dat validatie doet" time="0.302"/>
<testcase classname="vl-form-validation" name="Als gebruiker zie ik een foutmelding als een e-mailadres verkeerd geformatteerd is" time="0.347"/>
<testcase classname="vl-form-validation" name="Als gebruiker zie ik een foutmelding als een iban nummer niet gelding is" time="0.351"/>
<testcase classname="vl-form-validation" name="Als gebruiker zie ik een foutmelding als een telefoonnr niet geldig is" time="0.317"/>
<testcase classname="vl-form-validation" name="Als gebruiker zie ik een foutmelding als een rijksregisternummer niet geldig is" time="1.57"/>
<testcase classname="vl-form-validation" name="Als gebruiker zie ik een foutmelding als een datum niet geldig is" time="0.313"/>
<testcase classname="vl-form-validation" name="Als gebruiker zie ik een foutmelding als er niets is geselecteerd uit een lijst" time="0.306"/>
<testcase classname="vl-form-validation" name="Als gebruiker zie ik een foutmelding als er geen datum is geselecteerd" time="0.627"/>
<testcase classname="vl-form" name="Als gebruiker kan ik een formulier submitten zonder dat de URL aangepast wordt" time="0.249"/>
<testcase classname="vl-functional-header" name="als gebruiker kan ik de titel en sub titel van de functionele header zien" time="0.07"/>
<testcase classname="vl-functional-header" name="als gebruiker kan ik de titel en sub titel van de functionele header zien als ze als slot gedefinieerd werden" time="0.055"/>
<testcase classname="vl-functional-header" name="als gebruiker kan ik op de titel link klikken" time="0.061"/>
<testcase classname="vl-functional-header" name="als gebruiker kan ik op een actie klikken" time="0.056"/>
<testcase classname="vl-region" name="de gewone region heeft geen speciale eigenschappen" time="0.057"/>
<testcase classname="vl-region" name="de alt region heeft enkel de alt eigenschap" time="0.05"/>
<testcase classname="vl-grid" name="men kan een grid stacked maken" time="0.021"/>
<testcase classname="vl-grid" name="men kan een grid links aligneren" time="0.019"/>
<testcase classname="vl-grid" name="men kan een grid in het midden aligneren" time="0.018"/>
<testcase classname="vl-grid" name="men kan een grid rechts aligneren" time="0.017"/>
<testcase classname="vl-grid" name="men kan zoveel mogelijk ruimte rond kolommen laten" time="0.018"/>
<testcase classname="vl-grid" name="men kan zoveel mogelijk ruimte tussen kolommen laten" time="0.017"/>
<testcase classname="vl-grid" name="men kan verticaal aligneren aan de top" time="0.017"/>
<testcase classname="vl-grid" name="men kan bovenaan aligneren" time="0.012"/>
<testcase classname="vl-grid" name="men kan verticaal in het midden aligneren" time="0.016"/>
<testcase classname="vl-grid" name="men kan onderaan aligneren" time="0.017"/>
<testcase classname="vl-grid" name="men kan kolommen tot aan hun maximale hoogte rekken" time="0.016"/>
<testcase classname="vl-column" name="men kan er op vertrouwen dat er default sizes worden gekozen" time="0.116"/>
<testcase classname="vl-column" name="men kan responsive sizes instellen" time="0.06"/>
<testcase classname="vl-column" name="men kan de kolom pushen" time="0.025"/>
<testcase classname="vl-header" name="als gebruiker zie ik de globale header van Vlaanderen" time="0.877"/>
<testcase classname="vl-header" name="als gebruiker zie ik de globale header van Vlaanderen tot dat deze verwijderd wordt" time="0.713"/>
<testcase classname="vl-http-error-message" name="als gebruiker kan ik de foutmelding titel lezen" time="0.121"/>
<testcase classname="vl-http-error-message" name="als gebruiker kan ik de foutmelding content lezen" time="0.149"/>
<testcase classname="vl-http-error-message" name="als gebruiker kan ik de foutmelding link zien" time="0.152"/>
<testcase classname="vl-http-error-message" name="als gebruiker kan ik de foutmelding afbeelding zien" time="0.242"/>
<testcase classname="vl-http-error-message" name="als gebruiker kan ik op de actieknop van een 404 foutmelding klikken om naar de startpagina te gaan" time="2.808"/>
<testcase classname="vl-icon" name="als gebruiker kan ik een icoon zien" time="0.022"/>
<testcase classname="vl-icon" name="als gebruiker wil ik het verschil kunnen zien tussen een icoon waar gedefinieerd is dat het voor een tekst staat en een gewoon icoon" time="0.046"/>
<testcase classname="vl-icon" name="als gebruiker wil ik het verschil kunnen zien tussen een icoon waar gedefinieerd is dat het achter een tekst staat en een gewoon icoon" time="0.052"/>
<testcase classname="vl-icon" name="als gebruiker wil ik het verschil kunnen zien tussen een klein en een gewoon icon" time="0.049"/>
<testcase classname="vl-icon" name="als gebruiker wil ik het verschil kunnen zien tussen een groot en een gewoon icon" time="0.04"/>
<testcase classname="vl-icon" name="als gebruiker wil ik het verschil kunnen zien tussen een licht en een gewoon icon" time="0.036"/>
<testcase classname="vl-icon" name="als gebruiker wil ik het verschil kunnen zien tussen een icoon dat 90 graden gedraaid is en een gewoon icon" time="0.035"/>
<testcase classname="vl-icon" name="als gebruiker wil ik het verschil kunnen zien tussen een icoon dat 180 graden gedraaid is en een gewoon icon" time="0.043"/>
<testcase classname="vl-image" name="image word geladen" time="0.022"/>
<testcase classname="vl-info-tile" name="Als gebruiker kan ik de titel van de info tile bekijken" time="0.049"/>
<testcase classname="vl-info-tile" name="Als gebruiker kan ik de subtitel van de info tile bekijken" time="0.053"/>
<testcase classname="vl-info-tile" name="Als gebruiker kan ik de content van de info tile bekijken" time="0.04"/>
<testcase classname="vl-info-tile" name="Als gebruiker kan ik een toggleable info tile openen en sluiten" time="0.223"/>
<testcase classname="vl-infoblock" name="als gebruiker kan ik de titel van een infoblock zien" time="0.045"/>
<testcase classname="vl-infoblock" name="als gebruiker kan ik de content van een infoblock zien" time="0.025"/>
<testcase classname="vl-infoblock" name="als gebruiker kan ik een infoblock van type contacten herkennen" time="0.022"/>
<testcase classname="vl-infoblock" name="als gebruiker kan ik een infoblock van type publicaties herkennen" time="0.028"/>
<testcase classname="vl-infoblock" name="als gebruiker kan ik een infoblock van type faq herkennen" time="0.026"/>
<testcase classname="vl-infoblock" name="als gebruiker kan ik een infoblock van type nieuws herkennen" time="0.026"/>
<testcase classname="vl-infoblock" name="als gebruiker kan ik een infoblock van type tijdlijn herkennen" time="0.026"/>
<testcase classname="vl-infoblock" name="als gebruiker kan ik een infoblock van type vraag herkennen" time="0.024"/>
<testcase classname="vl-infoblock" name="als gebruiker kan ik een custom icon kiezen" time="0.046"/>
<testcase classname="vl-infoblock" name="als gebruiker kan ik een de titel van een info-block ook in een slot meegeven" time="0.036"/>
<testcase classname="vl-infotext" name="als gebruiker kan ik de waarde en tekst zien" time="0.074"/>
<testcase classname="vl-infotext" name="als gebruiker kan ik de infotext als badge zien" time="0.021"/>
<testcase classname="vl-infotext" name="als gebruiker kan ik een complexere waarde en tekst zien" time="0.117"/>
<testcase classname="vl-input-addon" name="Als gebruiker kan ik de tekst zien van een input addon" time="0.026"/>
<testcase classname="vl-input-addon" name="Als gebruiker kan ik de tekst van een tooltip op een input-addon raadplegen" time="0.032"/>
<testcase classname="vl-input-addon" name="als gebruiker zie ik een input addon" time="0.055"/>
<testcase classname="vl-input-field" name="Als gebruiker kan ik text inputten in een inputfield" time="0.096"/>
<testcase classname="vl-input-field" name="Als gebruiker zie ik het onderscheid tussen een gewoon inputfield en een block inputfield" time="0.043"/>
<testcase classname="vl-input-field" name="Als gebruiker zie ik het onderscheid tussen een gewoon inputfield en een error inputfield" time="0.038"/>
<testcase classname="vl-input-field" name="Als gebruiker zie ik het onderscheid tussen een gewoon inputfield en een success inputfield" time="0.037"/>
<testcase classname="vl-input-field" name="Als gebruiker zie ik het onderscheid tussen een gewoon inputfield en een disabled inputfield" time="0.026"/>
<testcase classname="vl-input-field" name="Als gebruiker kan ik geen waarde zetten in een disabled input veld" time="0.033"/>
<testcase classname="vl-input-field" name="Als gebruiker zie ik het onderscheid tussen een gewoon inputfield en een small inputfield" time="0.032"/>
<testcase classname="vl-input-field" name="Als gebruiker krijg ik geen foutmeldingen te zien wanneer ik de input velden correct invul" time="0.448"/>
<testcase classname="vl-input-field" name="Als gebruiker krijg ik foutmeldingen te zien wanneer ik de input velden niet correct invul" time="0.146"/>
<testcase classname="vl-input-field" name="Als gebruiker kan ik een input event opvangen als er iets in een input field getypt wordt en als het inputfield wordt leeggemaakt" time="0.159"/>
<testcase classname="vl-input-group" name="Een gebruiker kan een input-group zien" time="0.015"/>
<testcase classname="vl-introduction" name="als gebruiker kan in de introductie lezen" time="0.025"/>
<testcase classname="vl-link-list" name="Ik zie het juiste aantal list items voor een linked list" time="0.022"/>
<testcase classname="vl-link" name="Als gebruiker kan ik de tekst van een link zien" time="0.024"/>
<testcase classname="vl-link" name="Als gebruiker kan ik de tekst van een button gestyled als link zien" time="0.022"/>
<testcase classname="vl-link" name="als gebruiker wil ik het verschil kunnen zien tussen een block en een gewone link" time="0.045"/>
<testcase classname="vl-loader" name="als gebruiker kan ik zien dat de pagina aan het laden is" time="0.06"/>
<testcase classname="vl-loader" name="als gebruiker kan ik het verschil zien tussen een light en gewone loader" time="0.053"/>
<testcase classname="vl-loader" name="als gebruiker kan ik de loader tekst zien" time="0.114"/>
<testcase classname="vl-loader" name="als gebruiker kan ik het verschil zien tussen een single en gewone loader" time="0.094"/>
<testcase classname="vl-map-circle-style" name="Als gebruiker kan ik een layer met circle stijl defini&#xEB;ren met standaard stijl" time="0.092"/>
<testcase classname="vl-map-circle-style" name="Als gebruiker kan ik een layer met circle stijl defini&#xEB;ren met aangepaste stijl" time="0.065"/>
<testcase classname="vl-map-layer" name="Als gebruiker zie ik het verschil tussen een clustered layer en niet geclusterde layer" time="0.065"/>
<testcase classname="vl-map-layer" name="Als gebruiker zie ik het verschil tussen een auto extent layer en niet auto extent layer" time="0.05"/>
<testcase classname="vl-map-layer" name="Als gebruiker kan ik het aantal features opvragen" time="0.011"/>
<testcase classname="vl-map-overview-map" name="Als gebruiker zie ik dat de overviewmap wordt gerenderd" time="0.053"/>
<testcase classname="vl-map-overview-map" name="Als gebruiker kan ik kan tussen de basiskaartlagen switchen" time="0.122"/>
<testcase classname="vl-map-search" name="Als gebruiker kan ik zien dat het zoeken beschikbaar is" time="0.025"/>
<testcase classname="vl-map-search" name="Als gebruiker kan ik zoeken met de zoekfunctionaliteit maar als er niets gevonden werd zijn er geen opties" time="0.502"/>
<testcase classname="vl-map-search" name="Als gebruiker kan ik de zoekfunctionaliteit gebruiken en zal de kaart zoomen" time="0.464"/>
<testcase classname="vl-map-search" name="Als gebruiker zie ik dat de kaart gezoomd is nadat ik de zoekfunctionaliteit gebruik waarbij die pas achteraf gekoppeld werd met de kaart" time="0.45"/>
<testcase classname="vl-map-select-action" name="Als gebruiker kan ik het verschil zien tussen een select action met cluster en zonder" time="0.049"/>
<testcase classname="vl-map-select-action" name="Als gebruiker zie ik dat de select actie actief staat" time="0.015"/>
<testcase classname="vl-map-select-action" name="Als gebruiker kan ik een feature selecteren" time="0.61"/>
<testcase classname="vl-map" name="Als gebruiker kan ik verschillende basis kaartlagen definieren voor een map" time="0.085"/>
<testcase classname="vl-map" name="Als gebruiker kan ik de url en type van een grb baselayer bevragen" time="0.026"/>
<testcase classname="vl-map" name="Als gebruiker zie ik het verschil tussen een grijze grb baselayer en de gewone grb baselayer aan de layer en title" time="0.041"/>
<testcase classname="vl-map" name="Als gebruiker zie ik het verschil tussen een map waar de escape key enabled en disabled is" time="0.039"/>
<testcase classname="vl-map" name="Als gebruiker zie ik het verschil tussen een map waar de rotation enabled en disabled is" time="0.038"/>
<testcase classname="vl-map" name="Als gebruiker zie ik het verschil tussen een map waar de mouse wheel zoom enabled en disabled is" time="0.044"/>
<testcase classname="vl-map" name="Als gebruiker kan ik de kaart zoomen" time="0.141"/>
<testcase classname="vl-modal-auto-open" name="een modal die automatisch opent bij het laden van de pagina valt niet buiten het scherm" time="0.101"/>
<testcase classname="vl-modal" name="als gebruiker kan ik de modal openen en sluiten via de annuleer knop" time="0.231"/>
<testcase classname="vl-modal" name="als gebruiker kan ik de closable modal openen en sluiten via de sluiten knop" time="0.21"/>
<testcase classname="vl-modal" name="als gebruiker kan ik de niet automatisch closable modal niet sluiten door op de actie knop te klikken" time="0.285"/>
<testcase classname="vl-modal" name="als gebruiker kan ik de closable, niet cancellable modal niet sluiten via de annuleer knop" time="0.179"/>
<testcase classname="vl-modal" name="als gebruiker kan ik de automatisch closable modal sluiten door op de actie knop te klikken" time="0.172"/>
<testcase classname="vl-modal" name="als gebruiker kan ik de automatisch closable modal sluiten door op de actie link te klikken" time="0.195"/>
<testcase classname="vl-modal" name="als gebruiker kan ik de manuele modal openen en sluiten" time="0.16"/>
<testcase classname="vl-modal" name="als gebruiker kan ik iets uitvoeren door in de modal op de actie knop te klikken" time="0.197"/>
<testcase classname="vl-modal" name="als gebruiker kan ik meteen typen in het input-veld in de modal in Safari" time="0.212"/>
<testcase classname="vl-modal" name="als gebruiker kan ik verticaal scrollen als er te veel tekst in de modal staat" time="0.164"/>
<testcase classname="vl-modal" name="als gebruiker kan ik op een element klikken dat groter is dan de content van de modal als het attribuut allow-overflow gezet is" time="0.834"/>
<testcase classname="vl-modal" name="als gebruiker kan ik een niet closable modal niet sluiten door op escape te klikken" time="0.409"/>
<testcase classname="vl-multiselect" name="Als gebruiker kan ik de geselecteerde items opvragen" time="0.059"/>
<testcase classname="vl-multiselect" name="Als gebruiker kan ik een optie selecteren en deze zal dan in de combobox getoond worden" time="0.43"/>
<testcase classname="vl-multiselect" name="De default multiselect heeft geen error of success attribuut" time="0.032"/>
<testcase classname="vl-multiselect" name="Als gebruiker kan ik een gekozen optie verwijderen" time="0.151"/>
<testcase classname="vl-multiselect" name="Als gebruiker kan ik een multiselect definieren als error multiselect" time="0.023"/>
<testcase classname="vl-multiselect" name="Als gebruiker kan ik een multiselect definieren als success multiselect" time="0.025"/>
<testcase classname="vl-multiselect" name="Als gebruiker kan ik een multiselect definieren als disabled" time="0.022"/>
<testcase classname="vl-multiselect" name="Het aantal resultaten van een zoekopdracht kan beperkt worden" time="0.322"/>
<testcase classname="vl-multiselect" name="Het aantal resultaten van een zoekopdracht is standaard niet beperkt" time="0.319"/>
<testcase classname="vl-multiselect" name="Als gebruiker kan ik luisteren naar een change event en onChange zal er een extra attribuut gezet worden" time="0.222"/>
<testcase classname="vl-multiselect" name="Als gebruiker kan ik de multiselect via enable/disable-methode in/uit-schakelen" time="0.127"/>
<testcase classname="vl-multiselect" name="Als gebruiker kan ik programmatorisch (een) waarde(s) toevoegen/verwijderen in de multiselect" time="0.34"/>
<testcase classname="vl-multiselect" name="Als een multiselect boven een datepicker gerenderd wordt, kunnen zowel de multiselect als de datepicker correct gebruikt worden" time="0.669"/>
<testcase classname="vl-multiselect" name="Als gebruiker kan ik opties groeperen" time="0.052"/>
<testcase classname="vl-multiselect" name="De datepicker kan niet geopend worden wanneer de multiselect geopend is" time="1.099"><failure>element click intercepted: Element &#x3C;button id=&#x22;button&#x22; is=&#x22;vl-button-input-addon&#x22; type=&#x22;button&#x22; class=&#x22;js-vl-datepicker-toggle vl-input-addon&#x22;&#x3E;...&#x3C;/button&#x3E; is not clickable at point (1004, 68). Other element would receive the click: &#x3C;div class=&#x22;vl-select__item vl-select__item--choice vl-select__item--selectable&#x22; data-select-text=&#x22;Press to select&#x22; data-choice=&#x22;&#x22; data-id=&#x22;1&#x22; data-value=&#x22;Belgium&#x22; data-choice-selectable=&#x22;&#x22; id=&#x22;choices-multiselect-datepicker-item-choice-1&#x22; role=&#x22;option&#x22;&#x3E;...&#x3C;/div&#x3E;
  (Session info: chrome=86.0.4240.80)
ElementClickInterceptedError: element click intercepted: Element &#x3C;button id=&#x22;button&#x22; is=&#x22;vl-button-input-addon&#x22; type=&#x22;button&#x22; class=&#x22;js-vl-datepicker-toggle vl-input-addon&#x22;&#x3E;...&#x3C;/button&#x3E; is not clickable at point (1004, 68). Other element would receive the click: &#x3C;div class=&#x22;vl-select__item vl-select__item--choice vl-select__item--selectable&#x22; data-select-text=&#x22;Press to select&#x22; data-choice=&#x22;&#x22; data-id=&#x22;1&#x22; data-value=&#x22;Belgium&#x22; data-choice-selectable=&#x22;&#x22; id=&#x22;choices-multiselect-datepicker-item-choice-1&#x22; role=&#x22;option&#x22;&#x3E;...&#x3C;/div&#x3E;
  (Session info: chrome=86.0.4240.80)
    at Object.throwDecodedError (/Users/philippe/Documents/localdev/webcomponenten-vl-ui-bom/node_modules/selenium-webdriver/lib/error.js:550:15)
    at parseHttpResponse (/Users/philippe/Documents/localdev/webcomponenten-vl-ui-bom/node_modules/selenium-webdriver/lib/http.js:565:13)
    at Executor.execute (/Users/philippe/Documents/localdev/webcomponenten-vl-ui-bom/node_modules/selenium-webdriver/lib/http.js:491:26)
    at runMicrotasks (&#x3C;anonymous&#x3E;)
    at processTicksAndRejections (internal/process/task_queues.js:97:5)
    at async thenableWebDriverProxy.execute (/Users/philippe/Documents/localdev/webcomponenten-vl-ui-bom/node_modules/selenium-webdriver/lib/webdriver.js:700:17)</failure></testcase>
<testcase classname="vl-multiselect" name="De datepicker kan niet geopend worden wanneer de multiselect geopend is" time="1.099"><failure>element click intercepted: Element &#x3C;button id=&#x22;button&#x22; is=&#x22;vl-button-input-addon&#x22; type=&#x22;button&#x22; class=&#x22;js-vl-datepicker-toggle vl-input-addon&#x22;&#x3E;...&#x3C;/button&#x3E; is not clickable at point (1004, 68). Other element would receive the click: &#x3C;div class=&#x22;vl-select__item vl-select__item--choice vl-select__item--selectable&#x22; data-select-text=&#x22;Press to select&#x22; data-choice=&#x22;&#x22; data-id=&#x22;1&#x22; data-value=&#x22;Belgium&#x22; data-choice-selectable=&#x22;&#x22; id=&#x22;choices-multiselect-datepicker-item-choice-1&#x22; role=&#x22;option&#x22;&#x3E;...&#x3C;/div&#x3E;
  (Session info: chrome=86.0.4240.80)
ElementClickInterceptedError: element click intercepted: Element &#x3C;button id=&#x22;button&#x22; is=&#x22;vl-button-input-addon&#x22; type=&#x22;button&#x22; class=&#x22;js-vl-datepicker-toggle vl-input-addon&#x22;&#x3E;...&#x3C;/button&#x3E; is not clickable at point (1004, 68). Other element would receive the click: &#x3C;div class=&#x22;vl-select__item vl-select__item--choice vl-select__item--selectable&#x22; data-select-text=&#x22;Press to select&#x22; data-choice=&#x22;&#x22; data-id=&#x22;1&#x22; data-value=&#x22;Belgium&#x22; data-choice-selectable=&#x22;&#x22; id=&#x22;choices-multiselect-datepicker-item-choice-1&#x22; role=&#x22;option&#x22;&#x3E;...&#x3C;/div&#x3E;
  (Session info: chrome=86.0.4240.80)
    at Object.throwDecodedError (/Users/philippe/Documents/localdev/webcomponenten-vl-ui-bom/node_modules/selenium-webdriver/lib/error.js:550:15)
    at parseHttpResponse (/Users/philippe/Documents/localdev/webcomponenten-vl-ui-bom/node_modules/selenium-webdriver/lib/http.js:565:13)
    at Executor.execute (/Users/philippe/Documents/localdev/webcomponenten-vl-ui-bom/node_modules/selenium-webdriver/lib/http.js:491:26)
    at runMicrotasks (&#x3C;anonymous&#x3E;)
    at processTicksAndRejections (internal/process/task_queues.js:97:5)
    at async thenableWebDriverProxy.execute (/Users/philippe/Documents/localdev/webcomponenten-vl-ui-bom/node_modules/selenium-webdriver/lib/webdriver.js:700:17)</failure></testcase>
<testcase classname="vl-multiselect" name="Als de gebruiker de multiselect opent wanneer de datepicker zichtbaar is, zal de datepicker verdwijnen" time="0.474"/>
<testcase classname="vl-pager" name="Als gebruiker kan ik naar de volgende pagina gaan en ook terug naar de vorige" time="0.175"/>
<testcase classname="vl-pager" name="Als gebruiker zie ik dat als ik van de eerste pagina naar de volgende ga, dat de vorige-link dan verschijnt" time="0.104"/>
<testcase classname="vl-pager" name="Als gebruiker zie ik dat als ik van de laatste pagina naar de vorige ga, dat de volgende-link dan verschijnt" time="0.214"/>
<testcase classname="vl-pager" name="Als gebruiker zie ik dat, als ik van pagina verwissel, de range wordt ge&#xFC;pdatet" time="0.099"/>
<testcase classname="vl-pager" name="Als gebruiker kan ik naar een pagina navigeren" time="0.484"/>
<testcase classname="vl-pager" name="Als gebruiker kan ik naar de laatste pagina en naar de eerste pagina navigeren" time="0.15"/>
<testcase classname="vl-pager" name="Als gebruiker zie ik kan het totaal aantal resultaten" time="0.019"/>
<testcase classname="vl-pager" name="Als gebruiker zie ik hoeveel items zichtbaar zijn" time="0.019"/>
<testcase classname="vl-pager" name="Als gebruiker zie ik dat een default pager left gealigneerd is" time="0.031"/>
<testcase classname="vl-pager" name="Als gebruiker zie ik een pager gecentreerd staat" time="0.026"/>
<testcase classname="vl-pager" name="Als gebruiker zie ik een pager rechts gealigneerd staat" time="0.025"/>
<testcase classname="vl-pager" name="Als gebruiker kan ik op volgende en vorige pagina klikken als de paginatie gedisabled is" time="0.143"/>
<testcase classname="vl-pager" name="Als gebruiker zie ik de range en het totaal aantal items voor een single page resultaat" time="0.074"/>
<testcase classname="vl-pager" name="Als gebruiker zie ik dat de pager elke keer als er data verandert een event uitstuurt" time="0.209"/>
<testcase classname="vl-pattern" name="als gebruiker kan ik alleen een toegelaten IBAN patroon invullen" time="0.381"/>
<testcase classname="vl-pattern" name="als gebruiker kan ik alleen een toegelaten telefoonnummer patroon invullen" time="0.297"/>
<testcase classname="vl-pattern" name="als gebruiker kan ik alleen een toegelaten datum patroon invullen" time="0.223"/>
<testcase classname="vl-pattern" name="als gebruiker kan ik alleen een toegelaten prijs patroon invullen" time="0.319"/>
<testcase classname="vl-pattern" name="als gebruiker kan ik alleen een toegelaten rijksregisternummer patroon invullen" time="0.232"/>
<testcase classname="vl-pill" name="Als gebruiker kan ik de inhoud van een pill zien" time="0.044"/>
<testcase classname="vl-pill" name="Als gebruiker kan ik pillen zien zonder type en succes, waarschuwing en fout pillen" time="0.153"/>
<testcase classname="vl-pill" name="Als gebruiker kan ik een closable pill sluiten" time="0.114"/>
<testcase classname="vl-pill" name="Als gebruiker kan ik een checkable pill aan- en uitvinken" time="0.113"/>
<testcase classname="vl-pill" name="als gebruiker zie ik een pill button" time="0.036"/>
<testcase classname="vl-progress-bar" name="als gebruiker kan ik het verschil zien tussen een actieve en een gewone progress bar stap" time="0.063"/>
<testcase classname="vl-progress-bar" name="als gebruiker kan ik meer details zien over een stap door met de muis te hoveren over de stap" time="0.36"/>
<testcase classname="vl-progress-bar" name="als gebruiker kan ik het verschil zien tussen een numeric en een gewone progress bar" time="0.04"/>
<testcase classname="vl-progress-bar" name="als gebruiker kan ik de active stap wijzigen" time="0.204"/>
<testcase classname="vl-progress-bar" name="als gebruiker kan ik de active stap wijzigen en focus geven" time="0.48"/>
<testcase classname="vl-properties" name="Als gebruiker kan ik properties zien in een full-size kolom" time="0.185"/>
<testcase classname="vl-proza-message" name="als gebruiker kan ik een potlood zien bij een proza component" time="0.065"/>
<testcase classname="vl-proza-message" name="als gebruiker kan ik een tekst editeerbaar maken door op het potlood te klikken" time="0.389"/>
<testcase classname="vl-proza-message" name="als gebruiker kan ik een tekst verwijderen" time="0.304"/>
<testcase classname="vl-proza-message" name="als gebruiker kan ik op de escape-toets drukken om mijn wijzigingen te annuleren" time="0.348"/>
<testcase classname="vl-proza-message" name="als de gebruiker kan ik op de enter-toets drukken om mijn wijzigingen te bewaren" time="0.294"/>
<testcase classname="vl-proza-message" name="als gebruiker kan ik enter+shift invoeren om een line-break toe te voegen" time="0.416"/>
<testcase classname="vl-proza-message" name="als gebruiker kan ik de wysiwyg activeren door alle tekst te selecteren" time="0.413"/>
<testcase classname="vl-proza-message" name="als gebruiker kan ik bold stijl toevoegen door in de wysiwyg de stijl knop te gebruiken" time="0.526"/>
<testcase classname="vl-proza-message" name="als gebruiker kan ik italic stijl toevoegen door in de wysiwyg de stijl knop te gebruiken" time="0.519"/>
<testcase classname="vl-proza-message" name="als gebruiker kan ik underline stijl toevoegen door in de wysiwyg de stijl knop te gebruiken" time="0.494"/>
<testcase classname="vl-proza-message" name="als gebruiker kan ik buiten het tekstveld klikken om de bewerk modus te sluiten en mijn wijzigingen te bewaren" time="0.32"/>
<testcase classname="vl-proza-message" name="als gebruiker zie ik een waarschuwing in een alert als het updaten misgaat" time="0.384"/>
<testcase classname="vl-proza-message" name="als gebruiker zie ik de parameter values in lees modus" time="0.045"/>
<testcase classname="vl-proza-message" name="als gebruiker zie ik de parameter keys in bewerk modus" time="0.182"/>
<testcase classname="vl-radio-group" name="als gebruiker kan ik maar 1 radio tegelijkertijd aanvinken" time="0.225"/>
<testcase classname="vl-radio-group" name="als gebruiker kan ik een radio aanvinken en zien dat deze focus gekregen heeft" time="0.181"/>
<testcase classname="vl-radio-group" name="als gebruiker kan ik de radio group elementen bereiken via de tab toets en krijgt het eerste of reeds geselecteerde radio element focus" time="0.708"/>
<testcase classname="vl-radio-group" name="als gebruiker kan ik de radio group elementen bereiken via de shift tab toets" time="1.443"/>
<testcase classname="vl-radio-group" name="als gebruiker kan ik een radio aanvinken door gebruik te maken van de pijl toetsen" time="0.394"/>
<testcase classname="vl-radio-group" name="als gebruiker kan ik door gebruik te maken van de pijl toetsen van de laatste radio naar de eerste gaan en omgekeerd" time="0.399"/>
<testcase classname="vl-radio-group" name="als gebruiker kan ik een radio aanvinken door gebruik te maken van de pijl toetsen en zal een disabled radio genegeerd worden" time="0.565"/>
<testcase classname="vl-radio-group" name="als gebruiker kan ik de radio group elementen bereiken via de tab toets" time="0.462"/>
<testcase classname="vl-radio" name="als gebruiker kan ik het radio label zien" time="0.081"/>
<testcase classname="vl-radio" name="als gebruiker kan ik maar 1 radio tegelijkertijd aanvinken" time="0.166"/>
<testcase classname="vl-radio" name="als gebruiker kan ik het verschil zien tussen een block en een gewone radio" time="0.06"/>
<testcase classname="vl-radio" name="als gebruiker kan ik het verschil zien tussen een error en een gewone radio" time="0.055"/>
<testcase classname="vl-radio" name="als gebruiker kan ik een disabled radio niet selecteren" time="0.21"/>
<testcase classname="vl-radio" name="als gebruiker kan ik het verschil zien tussen een single en een gewone radio" time="0.053"/>
<testcase classname="vl-radio" name="als gebruiker kan ik zien dat een radio standaard aangevinkt staat" time="0.061"/>
<testcase classname="vl-radio" name="als gebruiker kan ik een radio aanvinken door gebruik te maken van de pijl toetsen" time="0.406"/>
<testcase classname="vl-radio" name="als gebruiker kan ik door gebruik te maken van de pijl toetsen van de laatste radio naar de eerste gaan en omgekeerd" time="0.384"/>
<testcase classname="vl-radio" name="als gebruiker zie ik dat het reeds geselecteerde radio element focus krijgt bij het tabben" time="0.258"/>
<testcase classname="vl-radio" name="als gebruiker kan ik een radio met een shadow DOM parent aanvinken door gebruik te maken van de pijl toetsen" time="0.214"/>
<testcase classname="vl-rich-data-table" name="Als gebruiker kan ik de hoofdingen van een rich data table zien" time="0.165"/>
<testcase classname="vl-rich-data-table" name="Als gebruiker kan ik allerlei soorten selectoren gebruiken voor velden van een rich data table" time="0.21"/>
<testcase classname="vl-rich-data-table" name="Als gebruiker kan ik pagineren door de verschillende paginas van een rich data table" time="0.392"/>
<testcase classname="vl-rich-data-table" name="Als gebruiker kan ik sorteren op de kolommen van een single sort rich data table" time="0.686"/>
<testcase classname="vl-rich-data-table" name="Als gebruiker kan ik sorteren op de kolommen van een multisort rich data table" time="1.952"/>
<testcase classname="vl-rich-data-table" name="Als gebruiker zie ik het onderscheid tussen een collapsed-medium rich-data-table en een zonder" time="0.039"/>
<testcase classname="vl-rich-data-table" name="Als gebruiker zie ik het onderscheid tussen een collapsed-small rich-data-table en een zonder" time="0.041"/>
<testcase classname="vl-rich-data-table" name="Als gebruiker zie ik het onderscheid tussen een collapsed-extra-small rich-data-table en een zonder" time="0.044"/>
<testcase classname="vl-rich-data-table" name="Als gebruiker kan ik op verschillende velden filteren" time="1.183"/>
<testcase classname="vl-rich-data-table" name="Als gebruiker zal ik altijd naar de eerste pagina doorverwezen worden bij het filteren en kan ik indien mogelijk pagineren binnen de zoekresultaten" time="0.619"/>
<testcase classname="vl-rich-data-table" name="Als gebruiker zal ik de originele lijst te zien krijgen wanneer ik een filter verwijder" time="0.563"/>
<testcase classname="vl-rich-data-table" name="Als gebruiker zal ik de originele lijst te zien krijgen wanneer ik de volledige zoekopdracht verwijder" time="0.407"/>
<testcase classname="vl-rich-data-table" name="Als gebruiker zal ik altijd naar de eerste pagina doorverwezen worden bij het sorteren" time="0.524"/>
<testcase classname="vl-rich-data-table" name="Als gebruiker kan ik de filter sluiten met de sluit knop en terug openen met de filter knop" time="0.138"/>
<testcase classname="vl-rich-data-table" name="Als gebruiker kan ik de filter sluiten en terug openen met de filter knop" time="0.106"/>
<testcase classname="vl-rich-data-table" name="Als gebruiker met een klein scherm, kan ik de filter openen als modal, gebruiken en terug sluiten" time="0.633"/>
<testcase classname="vl-rich-data" name="Als gebruiker kan ik de content filteren" time="0.63"/>
<testcase classname="vl-rich-data" name="Als gebruiker zal ik altijd naar de eerste pagina doorverwezen worden bij het filteren en kan ik indien mogelijk pagineren binnen de zoekresultaten" time="0.482"/>
<testcase classname="vl-rich-data" name="Als gebruiker zal ik de originele lijst te zien krijgen wanneer ik een filter verwijder" time="0.424"/>
<testcase classname="vl-rich-data" name="Als gebruiker zal ik de originele lijst te zien krijgen wanneer ik de volledige zoekopdracht verwijder" time="0.415"/>
<testcase classname="vl-rich-data" name="Als gebruiker kan ik de filter sluiten met de sluit knop en terug openen met de filter knop" time="0.106"/>
<testcase classname="vl-rich-data" name="Als gebruiker kan ik de filter sluiten en terug openen met de filter knop" time="0.089"/>
<testcase classname="vl-rich-data" name="Als gebruiker kan ik de resultaten sorteren" time="0.574"/>
<testcase classname="vl-rich-data" name="Als gebruiker kan ik zien hoeveel zoekresultaten er zijn" time="0.255"/>
<testcase classname="vl-rich-data" name="Als gebruiker met een klein scherm, kan ik de filter openen als modal, gebruiken en terug sluiten" time="0.721"/>
<testcase classname="vl-search-filter" name="Als gebruiker kan ik de titel van een search filter opvragen" time="0.037"/>
<testcase classname="vl-search-filter" name="Als gebruiker kan ik het onderscheid zien tussen een search filter en een alternatieve search filter" time="0.043"/>
<testcase classname="vl-search-results" name="als gebruiker kan ik de titel van een zoekresultaat zien" time="0.061"/>
<testcase classname="vl-search-results" name="als gebruiker kan ik de sub titel van een zoekresultaat zien" time="0.056"/>
<testcase classname="vl-search-results" name="als gebruiker kan ik de content van een zoekresultaat zien" time="0.134"/>
<testcase classname="vl-search" name="als gebruiker kan ik het verschil zien tussen een inline en een block search" time="0.068"/>
<testcase classname="vl-search" name="als gebruiker kan ik het verschil zien tussen een alt en een gewone search" time="0.038"/>
<testcase classname="vl-search" name="als gebruiker kan ik de gepersonaliseerde labels zien" time="0.053"/>
<testcase classname="vl-search" name="als gebruiker kan ik de gepersonaliseerde labels zien ook als ze via slots zijn gedefinieerd" time="0.083"/>
<testcase classname="vl-search" name="als gebruiker kan ik zoeken door op de submit knop te klikken" time="0.282"/>
<testcase classname="vl-search" name="als gebruiker kan ik iets selecteren uit een select die via een slot is meegegeven" time="0.316"/>
<testcase classname="vl-select" name="als gebruiker kan ik de values van een select opvragen" time="0.248"/>
<testcase classname="vl-select" name="als gebruiker kan ik een optie selecteren via tekst" time="0.084"/>
<testcase classname="vl-select" name="als gebruiker kan ik een optie selecteren via value" time="0.13"/>
<testcase classname="vl-select" name="als gebruiker kan ik een optie selecteren via index" time="0.083"/>
<testcase classname="vl-select" name="als gebruiker zie ik wanneer een select een error bevat" time="0.038"/>
<testcase classname="vl-select" name="als gebruiker zie ik wanneer een select succesvol is" time="0.041"/>
<testcase classname="vl-select" name="als gebruiker kan ik het verschil zien tussen een dressed en gewone select" time="0.033"/>
<testcase classname="vl-select" name="als gebruiker kan ik de values van een dressed select opvragen" time="0.116"/>
<testcase classname="vl-select" name="als gebruiker kan ik een optie selecteren via text in een dressed select" time="0.196"/>
<testcase classname="vl-select" name="als gebruiker kan ik een optie selecteren via value in een dressed select" time="0.169"/>
<testcase classname="vl-select" name="als gebruiker kan ik een optie selecteren via index in een dressed select" time="0.138"/>
<testcase classname="vl-select" name="als gebruiker kan ik een dressed select markeren als succesvol" time="0.098"/>
<testcase classname="vl-select" name="als gebruiker kan ik een optie selecteren via het zoekveld" time="0.319"/>
<testcase classname="vl-select" name="als gebruiker kan ik alleen zoeken bij een select die deze optie voorziet" time="0.07"/>
<testcase classname="vl-select" name="als gebruiker kan ik de geselecteerde optie deselecteren en zal het select element niet open staan" time="0.328"/>
<testcase classname="vl-select" name="als gebruiker krijg ik een beperkt aantal zoekresultaten te zien" time="0.386"/>
<testcase classname="vl-select" name="als gebruiker krijg ik een onbeperkt aantal zoekresultaten te zien" time="0.509"/>
<testcase classname="vl-select" name="als gebruiker kan ik een select dynamisch activeren" time="0.314"/>
<testcase classname="vl-select" name="als gebruiker kan ik een select via een knop dressen en undressen" time="0.114"/>
<testcase classname="vl-select" name="als gebruiker kan ik een select via een knop enablen en disablen" time="0.094"/>
<testcase classname="vl-select" name="als gebruiker kan ik een optie in een select kiezen en verwijderen via een knop" time="0.097"/>
<testcase classname="vl-side-sheet" name="als gebruiker kan ik de side-sheet programmatorisch openen en sluiten via toggle" time="0.151"/>
<testcase classname="vl-side-sheet" name="als gebruiker kan ik de side-sheet programmatorisch openen en sluiten via open en close" time="0.125"/>
<testcase classname="vl-side-sheet" name="als gebruiker kan ik de side-sheet sluiten via een knop" time="0.152"/>
<testcase classname="vl-side-sheet" name="als gebruiker kan ik de content van een side-sheet opvragen" time="0.084"/>
<testcase classname="vl-side-sheet" name="als gebruiker zie ik een onderscheid tussen een links en rechts gealigneerde sidesheet" time="0.061"/>
<testcase classname="vl-side-sheet" name="als gebruiker kan ik het event opvangen bij het sluiten van de sidesheet" time="0.154"/>
<testcase classname="vl-side-sheet" name="als gebruiker zie ik het onderscheid tussen sidesheets die al dan niet kunnen gesloten worden door swipen" time="0.055"/>
<testcase classname="vl-side-sheet" name="als gebruiker kan ik interageren met een datepicker die op een sidesheet staat" time="0.932"/>
<testcase classname="vl-steps" name="als gebruiker kan ik de stappen zien" time="0.038"/>
<testcase classname="vl-steps" name="als gebruiker kan ik de identifier van de stap zien" time="0.056"/>
<testcase classname="vl-steps" name="als gebruiker kan ik de titel en sub titel van de stap zien" time="0.071"/>
<testcase classname="vl-steps" name="als gebruiker kan ik het verschil zien tussen een disabled en normale stap" time="0.045"/>
<testcase classname="vl-steps" name="als gebruiker kan ik het verschil zien tussen een stap met en zonder type" time="0.122"/>
<testcase classname="vl-steps" name="als gebruiker kan ik de content van de stap zien" time="0.062"/>
<testcase classname="vl-steps" name="als gebruiker kan ik de sub identifier van de stap zien" time="0.056"/>
<testcase classname="vl-steps" name="als gebruiker kan ik de titel annotatie van de stap zien" time="0.042"/>
<testcase classname="vl-steps" name="als gebruiker kan ik de duur stappen zien" time="0.021"/>
<testcase classname="vl-steps" name="als gebruiker kan ik de tekst van een duur stap zien" time="0.026"/>
<testcase classname="vl-steps" name="als gebruiker kan ik het verschil zien tussen een toggleable en normale stap" time="0.049"/>
<testcase classname="vl-steps" name="als gebruiker kan ik een toggleable step openen en sluiten" time="0.113"/>
<testcase classname="vl-template" name="Als gebruiker kan ik de header zien" time="0.052"/>
<testcase classname="vl-template" name="Als gebruiker kan ik de footer zien" time="0.057"/>
<testcase classname="vl-template" name="Als gebruiker kan ik de content zien" time="0.052"/>
<testcase classname="vl-textarea" name="Als gebruiker kan ik de tekst van een textarea invullen en lezen en leegmaken" time="0.16"/>
<testcase classname="vl-textarea" name="Als gebruiker kan ik het onderscheid zien tussen een inline textarea en een block textarea" time="0.045"/>
<testcase classname="vl-textarea" name="Als gebruiker kan ik het onderscheid zien tussen een gewone textarea en een error textarea" time="0.043"/>
<testcase classname="vl-textarea" name="Als gebruiker kan ik het onderscheid zien tussen een gewone textarea en een success textarea" time="0.042"/>
<testcase classname="vl-textarea" name="Als gebruiker kan ik het onderscheid zien tussen een gewone textarea en een focus textarea" time="0.044"/>
<testcase classname="vl-textarea" name="Als gebruiker kan ik het onderscheid zien tussen een gewone textarea en een disabled textarea" time="0.036"/>
<testcase classname="vl-textarea" name="Als gebruiker kan ik enkel een waarde zetten in een niet-disabled textarea" time="0.065"/>
<testcase classname="vl-textarea" name="Als gebruiker kan ik het onderscheid zien tussen een geowne textarea en een rich textarea" time="0.033"/>
<testcase classname="vl-textarea" name="Als gebruiker kan ik tekst toevoegen en zal er automatisch een root paragraaf tag toegevoegd worden" time="0.218"/>
<testcase classname="vl-textarea" name="Als gebruiker kan ik mijn tekst van bold, italic, underline en strikethrough stijl voorzien" time="0"/>
<testcase classname="vl-textarea" name="Als gebruiker kan ik titels toevoegen" time="0.661"/>
<testcase classname="vl-textarea" name="Als gebruiker kan ik een quote tekst toevoegen" time="0.391"/>
<testcase classname="vl-textarea" name="Als gebruiker kan ik een horizontale lijn tag toevoegen" time="0.312"/>
<testcase classname="vl-textarea" name="Als gebruiker kan ik een genummerde lijst toevoegen" time="0.383"/>
<testcase classname="vl-textarea" name="Als gebruiker kan ik een lijst toevoegen" time="0.391"/>
<testcase classname="vl-textarea" name="Als gebruiker kan ik een link toevoegen" time="0.674"/>
<testcase classname="vl-textarea" name="Als gebruiker krijg ik een foutmelding te zien als ik geen geldige tekst of link opgeef bij het toevoegen van een link" time="0.482"/>
<testcase classname="vl-textarea" name="Als gebruiker kan ik de link modal annuleren en zullen bij het opnieuw openen van de link modal de input velden leeg zijn" time="0.578"/>
<testcase classname="vl-textarea" name="Als gebruiker maak ik een nieuw paragraph element bij elke enter" time="0.246"/>
<testcase classname="vl-textarea" name="Als gebruiker kan ik tekst kopi&#xEB;ren met stijl" time="0"/>
<testcase classname="vl-textarea" name="Als gebruiker kan ik tekst toevoegen aan een rich textarea in een shadow DOM" time="0.182"/>
<testcase classname="vl-textarea" name="Als gebruiker kan ik een tekst selecteren en vervolgens een link toevoegen zonder de tekst opnieuw te moeten invullen" time="0.762"/>
<testcase classname="vl-textarea" name="Als gebruiker kan ik een tekst met speciale characters selecteren en vervolgens een link toevoegen zonder de tekst opnieuw te moeten invullen" time="0.734"/>
<testcase classname="vl-textarea" name="Als gebruiker kan ik een link bewerken" time="0.378"/>
<testcase classname="vl-titles" name="Als gebruiker kan ik een h1, h2, h3, h4, h5 en h6 zien" time="0.341"/>
<testcase classname="vl-titles" name="Als gebruiker kan ik een h1 zien met sans-serif font" time="0.05"/>
<testcase classname="vl-titles" name="Als gebruiker kan ik een h1 zien die onderlijnd wordt" time="0.051"/>
<testcase classname="vl-titles" name="Als gebruiker kan ik een alternatieve h6 zien" time="0.05"/>
<testcase classname="vl-toaster" name="Als gebruiker kan ik alerts in een toaster zien" time="0.263"/>
<testcase classname="vl-toaster" name="Als gebruiker kan ik een toaster in alle hoeken van de pagina zien" time="0.208"/>
<testcase classname="vl-toaster" name="Als gebruiker kan ik zien dat alerts na enkele seconden verdwijnen indien de toaster zo geconfigureerd werd" time="5.466"/>
<testcase classname="vl-tooltip" name="als gebruiker kan ik over een knop hoveren om de tooltip bovenaan te zien" time="0.361"/>
<testcase classname="vl-tooltip" name="als gebruiker kan ik over een knop hoveren om de tooltip rechts te zien" time="0.381"/>
<testcase classname="vl-tooltip" name="als gebruiker kan ik over een knop hoveren om de tooltip onderaan te zien" time="0.341"/>
<testcase classname="vl-tooltip" name="als gebruiker kan ik over een knop hoveren om de tooltip links te zien" time="0.37"/>
<testcase classname="vl-tooltip" name="als gebruiker zie ik de tekst kleiner wanneer er veel tekst in een tooltip zit" time="0.291"/>
<testcase classname="vl-tooltip" name="als gebruiker kan ik de tekst van een static tooltip zien" time="0.049"/>
<testcase classname="vl-tooltip" name="als gebruiker krijg ik alleen de tooltip te zien wanneer ik over een element hover met tooltip" time="1.035"/>
<testcase classname="vl-typography" name="als gebruiker kan ik de inhoud van een vl-typography zien" time="0.041"/>
<testcase classname="vl-upload" name="als gebruiker kan ik een bestand selecteren om op te laden, maar het nog niet onmiddellijk opladen" time="0.144"/>
<testcase classname="vl-upload" name="als gebruiker kan ik verschillende bestanden selecteren om op te laden en ze dan programmatorisch opladen" time="0.291"/>
<testcase classname="vl-upload" name="als gebruiker kan ik een bestand direct laten opladen bij het selecteren" time="0.062"/>
<testcase classname="vl-upload" name="als gebruiker zie ik het onderscheid tussen een gewone upload en een upload in error state" time="0.05"/>
<testcase classname="vl-upload" name="als gebruiker zie ik een foutboodschap bij een bestand als het opladen mislukt" time="0.078"/>
<testcase classname="vl-upload" name="als gebruiker kan ik de lijst gekozen files programmatorisch leeg maken" time="0.093"/>
<testcase classname="vl-upload" name="als gebruiker kan ik de maximum bestandsgrootte bepalen" time="0.106"/>
<testcase classname="vl-upload" name="als gebruiker kan ik er voor zorgen dat hetzelfde bestand geen 2 keer kan opgeladen worden" time="0.131"/>
<testcase classname="vl-upload" name="als gebruiker kan ik enkel bepaalde filetypes toelaten om opgeladen te worden" time="0.1"/>
<testcase classname="vl-upload" name="als gebruiker kan ik het verschil zien tussen een upload over de gehele body of niet" time="0.046"/>
<testcase classname="vl-upload" name="als gebruiker kan ik events ontvangen wanneer er bestanden worden opgeladen" time="0.097"/>
<testcase classname="vl-upload" name="als gebruiker kan ik een gekozen bestand verwijderen" time="0.156"/>
<testcase classname="vl-upload" name="als gebruiker kan ik het opladen van een bestand ook annuleren tijdens dat het aan het opladen is" time="0.4"/>
<testcase classname="vl-upload" name="als gebruiker kan ik het aantal files dat mag gekozen worden beperken" time="0.373"/>
<testcase classname="vl-upload" name="als gebruiker kan ik een bestand programmatisch toevoegen aan de lijst van opgeladen bestanden" time="0.124"/>
<testcase classname="vl-upload" name="als gebruiker kan ik het verschil zien tussen een upload met gepersonaliseerde titel en subtitel en een gewone variant" time="0.127"/>
<testcase classname="vl-video-player" name="als gebruiker kan ik een video bekijken" time="0.041"/>
<testcase classname="vl-wizard" name="als gebruiker kan ik de titel en header van de wizard zien" time="0.073"/>
<testcase classname="vl-wizard" name="als gebruiker kan ik alleen het actief paneel van de wizard zien" time="0.178"/>
<testcase classname="vl-wizard" name="als gebruiker kan ik via de progress bar doorheen de wizard panelen navigeren" time="0.57"/>
<testcase classname="vl-wizard" name="als gebruiker kan ik via de acties doorheen de wizard panelen navigeren" time="0.434"/>
<testcase classname="vl-wizard" name="als gebruiker kan ik via de actie knoppen alleen door de panelen van de wizard navigeren wanneer ik navigeren naar het vorige/volgende wizard paneel activeer via een checkbox" time="2.105"/>
<testcase classname="vl-wizard" name="als gebruiker kan ik via de progress bar alleen door de panelen van de wizard navigeren wanneer ik navigeren naar het vorige/volgende wizard paneel activeer via een checkbox" time="2.35"/>
<testcase classname="vl-wizard" name="als gebruiker kan ik de titel van het progress bar element zien" time="0.115"/>
</testsuite>
